***********************************************************************
*
*	DYNAMIC LINK AND INDIRECT ALLOCATION LISTING FOR: DataLogger
*
***********************************************************************


***************************************************
	 FIRST CODE AREA
***************************************************

***************************************************
	 DATABLOCK PATCHES
***************************************************
*
* List of data blocks that will be checked run-time for consistency with
* their definition available at compile-time
*
*
*	REQUIREMENTS for DATA BLOCK %Q1
*		Process image: 0
*		Number of elements: 7
*		Data size (bytes): 1
0000	00 02 01 00 07 00 00 00 01 00 00 00 

*
*	REQUIREMENTS for DATA BLOCK %Q4
*		Process image: 0
*		Number of elements: 512
*		Data size (bytes): 1
000C	00 02 04 00 00 02 00 00 01 00 00 00 

*
*	REQUIREMENTS for DATA BLOCK %I4
*		Process image: 0
*		Number of elements: 512
*		Data size (bytes): 1
0018	00 01 04 00 00 02 00 00 01 00 00 00 

*
*	REQUIREMENTS for DATA BLOCK %M60000
*		Process image: 0
*		Number of elements: 1
*		Data size (bytes): 4
0024	00 00 60 EA 01 00 00 00 04 00 00 00 

*
* List of all references to data allocated on data blocks
* along with the whole information required by the run-time linker
*
*
*	1 REFERENCE(S) TO 8-BIT VAR AT BYTE #6 OF DATA BLOCK %I4
0000	00 00 04 00 06 00 00 00 01 01 01 00 

*		Instruction type: 0x00
*		Code offset: 0x0000090C
000C	0C 09 00 00 

*
*	1 REFERENCE(S) TO 8-BIT VAR AT BYTE #4 OF DATA BLOCK %Q4
0010	00 00 04 00 04 00 00 00 02 01 01 00 

*		Instruction type: 0x00
*		Code offset: 0x00000914
001C	14 09 00 00 

*
*	1 REFERENCE(S) TO 32-BIT VAR AT BYTE #0 OF DATA BLOCK %Q4
0020	00 00 04 00 00 00 00 00 02 04 01 00 

*		Instruction type: 0x00
*		Code offset: 0x00000910
002C	10 09 00 00 

*
*	1 REFERENCE(S) TO 8-BIT VAR AT BYTE #5 OF DATA BLOCK %I4
0030	00 00 04 00 05 00 00 00 01 01 01 00 

*		Instruction type: 0x00
*		Code offset: 0x00000908
003C	08 09 00 00 

*
*	1 REFERENCE(S) TO 8-BIT VAR AT BYTE #5 OF DATA BLOCK %Q1
0040	00 00 01 00 05 00 00 00 02 01 01 00 

*		Instruction type: 0x00
*		Code offset: 0x000008F0
004C	F0 08 00 00 

*
*	2 REFERENCE(S) TO 32-BIT VAR AT BYTE #0 OF DATA BLOCK %M60000
0050	00 00 60 EA 00 00 00 00 00 04 02 00 

*		Instruction type: 0x00
*		Code offset: 0x000001F8
005C	F8 01 00 00 

*		Instruction type: 0x00
*		Code offset: 0x00000264
0060	64 02 00 00 

*
*	1 REFERENCE(S) TO 8-BIT VAR AT BYTE #5 OF DATA BLOCK %Q4
0064	00 00 04 00 05 00 00 00 02 01 01 00 

*		Instruction type: 0x00
*		Code offset: 0x00000918
0070	18 09 00 00 

*
*	1 REFERENCE(S) TO 8-BIT VAR AT BYTE #4 OF DATA BLOCK %I4
0074	00 00 04 00 04 00 00 00 01 01 01 00 

*		Instruction type: 0x00
*		Code offset: 0x00000904
0080	04 09 00 00 

*
*	1 REFERENCE(S) TO 32-BIT VAR AT BYTE #0 OF DATA BLOCK %I4
0084	00 00 04 00 00 00 00 00 01 04 01 00 

*		Instruction type: 0x00
*		Code offset: 0x00000900
0090	00 09 00 00 


***************************************************
	 FUNCTION PATCHES
***************************************************

NAME: sysCfgAnalogRes  - NUM: 1
	 Patch - TYPE: 0x0 - CODE OFFSET: 0x00000A6C

NAME: sysCfgProgInput  - NUM: 1
	 Patch - TYPE: 0x0 - CODE OFFSET: 0x00000A70

NAME: sysDBase_SetExtTable  - NUM: 1
	 Patch - TYPE: 0x0 - CODE OFFSET: 0x000009A0

NAME: CONCAT_DT  - NUM: 2
	 Patch - TYPE: 0x0 - CODE OFFSET: 0x000003A4
	 Patch - TYPE: 0x0 - CODE OFFSET: 0x00000628
